# JRE version: OpenJDK Runtime Environment Temurin-17.0.8.1+1 (17.0.8.1+1) (build 17.0.8.1+1)
# Java VM: OpenJDK 64-Bit Server VM Temurin-17.0.8.1+1 (17.0.8.1+1, mixed mode, tiered, compressed oops, compressed class ptrs, parallel gc, windows-amd64)
GC Precious Log:
 CPUs: 6 total, 6 available
 Memory: 16296M
 Large Page Support: Disabled
 NUMA Support: Disabled
 Compressed Oops: Enabled (32-bit)
 Alignments: Space 512K, Generation 512K, Heap 2M
 Heap Min Capacity: 100M
 Heap Initial Capacity: 100M
 Heap Max Capacity: 1G
 Pre-touch: Disabled
 Parallel Workers: 6
Heap:
 PSYoungGen      total 7168K, used 6752K [0x00000000eab00000, 0x00000000eb300000, 0x0000000100000000)
  eden space 6144K, 100% used [0x00000000eab00000,0x00000000eb100000,0x00000000eb100000)
  from space 1024K, 59% used [0x00000000eb100000,0x00000000eb198000,0x00000000eb200000)
  to   space 1024K, 86% used [0x00000000eb200000,0x00000000eb2dd200,0x00000000eb300000)
 ParOldGen       total 150016K, used 149057K [0x00000000c0000000, 0x00000000c9280000, 0x00000000eab00000)
  object space 150016K, 99% used [0x00000000c0000000,0x00000000c91906a8,0x00000000c9280000)
 Metaspace       used 106151K, committed 107456K, reserved 1179648K
  class space    used 11147K, committed 11712K, reserved 1048576K
GC Heap History (20 events):
Event: 3722.458 GC heap after
{Heap after GC invocations=9732 (full 275):
 PSYoungGen      total 6656K, used 256K [0x00000000eab00000, 0x00000000eb300000, 0x0000000100000000)
  eden space 6144K, 0% used [0x00000000eab00000,0x00000000eab00000,0x00000000eb100000)
  from space 512K, 50% used [0x00000000eb280000,0x00000000eb2c0000,0x00000000eb300000)
  to   space 512K, 0% used [0x00000000eb200000,0x00000000eb200000,0x00000000eb280000)
 ParOldGen       total 150016K, used 146492K [0x00000000c0000000, 0x00000000c9280000, 0x00000000eab00000)
  object space 150016K, 97% used [0x00000000c0000000,0x00000000c8f0f208,0x00000000c9280000)
 Metaspace       used 106103K, committed 107392K, reserved 1179648K
  class space    used 11144K, committed 11712K, reserved 1048576K
}
Event: 3722.466 GC heap before
{Heap before GC invocations=9733 (full 275):
 PSYoungGen      total 6656K, used 6400K [0x00000000eab00000, 0x00000000eb300000, 0x0000000100000000)
  eden space 6144K, 100% used [0x00000000eab00000,0x00000000eb100000,0x00000000eb100000)
  from space 512K, 50% used [0x00000000eb280000,0x00000000eb2c0000,0x00000000eb300000)
  to   space 512K, 0% used [0x00000000eb200000,0x00000000eb200000,0x00000000eb280000)
 ParOldGen       total 150016K, used 146492K [0x00000000c0000000, 0x00000000c9280000, 0x00000000eab00000)
  object space 150016K, 97% used [0x00000000c0000000,0x00000000c8f0f208,0x00000000c9280000)
 Metaspace       used 106106K, committed 107392K, reserved 1179648K
  class space    used 11144K, committed 11712K, reserved 1048576K
}
Event: 3722.467 GC heap after
{Heap after GC invocations=9733 (full 275):
 PSYoungGen      total 6656K, used 384K [0x00000000eab00000, 0x00000000eb300000, 0x0000000100000000)
  eden space 6144K, 0% used [0x00000000eab00000,0x00000000eab00000,0x00000000eb100000)
  from space 512K, 75% used [0x00000000eb200000,0x00000000eb260000,0x00000000eb280000)
  to   space 512K, 0% used [0x00000000eb280000,0x00000000eb280000,0x00000000eb300000)
 ParOldGen       total 150016K, used 146652K [0x00000000c0000000, 0x00000000c9280000, 0x00000000eab00000)
  object space 150016K, 97% used [0x00000000c0000000,0x00000000c8f37208,0x00000000c9280000)
 Metaspace       used 106106K, committed 107392K, reserved 1179648K
  class space    used 11144K, committed 11712K, reserved 1048576K
}
Event: 3722.475 GC heap before
{Heap before GC invocations=9734 (full 275):
 PSYoungGen      total 6656K, used 6528K [0x00000000eab00000, 0x00000000eb300000, 0x0000000100000000)
  eden space 6144K, 100% used [0x00000000eab00000,0x00000000eb100000,0x00000000eb100000)
  from space 512K, 75% used [0x00000000eb200000,0x00000000eb260000,0x00000000eb280000)
  to   space 512K, 0% used [0x00000000eb280000,0x00000000eb280000,0x00000000eb300000)
 ParOldGen       total 150016K, used 146652K [0x00000000c0000000, 0x00000000c9280000, 0x00000000eab00000)
  object space 150016K, 97% used [0x00000000c0000000,0x00000000c8f37208,0x00000000c9280000)
 Metaspace       used 106107K, committed 107392K, reserved 1179648K
  class space    used 11144K, committed 11712K, reserved 1048576K
}
Event: 3722.476 GC heap after
{Heap after GC invocations=9734 (full 275):
 PSYoungGen      total 6656K, used 512K [0x00000000eab00000, 0x00000000eb300000, 0x0000000100000000)
  eden space 6144K, 0% used [0x00000000eab00000,0x00000000eab00000,0x00000000eb100000)
  from space 512K, 100% used [0x00000000eb280000,0x00000000eb300000,0x00000000eb300000)
  to   space 1024K, 0% used [0x00000000eb100000,0x00000000eb100000,0x00000000eb200000)
 ParOldGen       total 150016K, used 146796K [0x00000000c0000000, 0x00000000c9280000, 0x00000000eab00000)
  object space 150016K, 97% used [0x00000000c0000000,0x00000000c8f5b208,0x00000000c9280000)
 Metaspace       used 106107K, committed 107392K, reserved 1179648K
  class space    used 11144K, committed 11712K, reserved 1048576K
}
Event: 3722.483 GC heap before
{Heap before GC invocations=9735 (full 275):
 PSYoungGen      total 6656K, used 6656K [0x00000000eab00000, 0x00000000eb300000, 0x0000000100000000)
  eden space 6144K, 100% used [0x00000000eab00000,0x00000000eb100000,0x00000000eb100000)
  from space 512K, 100% used [0x00000000eb280000,0x00000000eb300000,0x00000000eb300000)
  to   space 1024K, 0% used [0x00000000eb100000,0x00000000eb100000,0x00000000eb200000)
 ParOldGen       total 150016K, used 146796K [0x00000000c0000000, 0x00000000c9280000, 0x00000000eab00000)
  object space 150016K, 97% used [0x00000000c0000000,0x00000000c8f5b208,0x00000000c9280000)
 Metaspace       used 106107K, committed 107392K, reserved 1179648K
  class space    used 11144K, committed 11712K, reserved 1048576K
}
Event: 3722.483 GC heap after
{Heap after GC invocations=9735 (full 275):
 PSYoungGen      total 7168K, used 320K [0x00000000eab00000, 0x00000000eb300000, 0x0000000100000000)
  eden space 6144K, 0% used [0x00000000eab00000,0x00000000eab00000,0x00000000eb100000)
  from space 1024K, 31% used [0x00000000eb100000,0x00000000eb150000,0x00000000eb200000)
  to   space 512K, 0% used [0x00000000eb280000,0x00000000eb280000,0x00000000eb300000)
 ParOldGen       total 150016K, used 146972K [0x00000000c0000000, 0x00000000c9280000, 0x00000000eab00000)
  object space 150016K, 97% used [0x00000000c0000000,0x00000000c8f87208,0x00000000c9280000)
 Metaspace       used 106107K, committed 107392K, reserved 1179648K
  class space    used 11144K, committed 11712K, reserved 1048576K
}
Event: 3722.490 GC heap before
{Heap before GC invocations=9736 (full 275):
 PSYoungGen      total 7168K, used 6464K [0x00000000eab00000, 0x00000000eb300000, 0x0000000100000000)
  eden space 6144K, 100% used [0x00000000eab00000,0x00000000eb100000,0x00000000eb100000)
  from space 1024K, 31% used [0x00000000eb100000,0x00000000eb150000,0x00000000eb200000)
  to   space 512K, 0% used [0x00000000eb280000,0x00000000eb280000,0x00000000eb300000)
 ParOldGen       total 150016K, used 146972K [0x00000000c0000000, 0x00000000c9280000, 0x00000000eab00000)
  object space 150016K, 97% used [0x00000000c0000000,0x00000000c8f87208,0x00000000c9280000)
 Metaspace       used 106107K, committed 107392K, reserved 1179648K
  class space    used 11144K, committed 11712K, reserved 1048576K
}
Event: 3722.491 GC heap after
{Heap after GC invocations=9736 (full 275):
 PSYoungGen      total 6656K, used 160K [0x00000000eab00000, 0x00000000eb300000, 0x0000000100000000)
  eden space 6144K, 0% used [0x00000000eab00000,0x00000000eab00000,0x00000000eb100000)
  from space 512K, 31% used [0x00000000eb280000,0x00000000eb2a8000,0x00000000eb300000)
  to   space 512K, 0% used [0x00000000eb200000,0x00000000eb200000,0x00000000eb280000)
 ParOldGen       total 150016K, used 147012K [0x00000000c0000000, 0x00000000c9280000, 0x00000000eab00000)
  object space 150016K, 97% used [0x00000000c0000000,0x00000000c8f91208,0x00000000c9280000)
 Metaspace       used 106107K, committed 107392K, reserved 1179648K
  class space    used 11144K, committed 11712K, reserved 1048576K
}
Event: 3722.499 GC heap before
{Heap before GC invocations=9737 (full 275):
 PSYoungGen      total 6656K, used 6304K [0x00000000eab00000, 0x00000000eb300000, 0x0000000100000000)
  eden space 6144K, 100% used [0x00000000eab00000,0x00000000eb100000,0x00000000eb100000)
  from space 512K, 31% used [0x00000000eb280000,0x00000000eb2a8000,0x00000000eb300000)
  to   space 512K, 0% used [0x00000000eb200000,0x00000000eb200000,0x00000000eb280000)
 ParOldGen       total 150016K, used 147012K [0x00000000c0000000, 0x00000000c9280000, 0x00000000eab00000)
  object space 150016K, 97% used [0x00000000c0000000,0x00000000c8f91208,0x00000000c9280000)
 Metaspace       used 106107K, committed 107392K, reserved 1179648K
  class space    used 11144K, committed 11712K, reserved 1048576K
}
Event: 3722.500 GC heap after
{Heap after GC invocations=9737 (full 275):
 PSYoungGen      total 6656K, used 512K [0x00000000eab00000, 0x00000000eb300000, 0x0000000100000000)
  eden space 6144K, 0% used [0x00000000eab00000,0x00000000eab00000,0x00000000eb100000)
  from space 512K, 100% used [0x00000000eb200000,0x00000000eb280000,0x00000000eb280000)
  to   space 512K, 0% used [0x00000000eb280000,0x00000000eb280000,0x00000000eb300000)
 ParOldGen       total 150016K, used 147156K [0x00000000c0000000, 0x00000000c9280000, 0x00000000eab00000)
  object space 150016K, 98% used [0x00000000c0000000,0x00000000c8fb5208,0x00000000c9280000)
 Metaspace       used 106107K, committed 107392K, reserved 1179648K
  class space    used 11144K, committed 11712K, reserved 1048576K
}
Event: 3722.507 GC heap before
{Heap before GC invocations=9738 (full 275):
 PSYoungGen      total 6656K, used 6656K [0x00000000eab00000, 0x00000000eb300000, 0x0000000100000000)
  eden space 6144K, 100% used [0x00000000eab00000,0x00000000eb100000,0x00000000eb100000)
  from space 512K, 100% used [0x00000000eb200000,0x00000000eb280000,0x00000000eb280000)
  to   space 512K, 0% used [0x00000000eb280000,0x00000000eb280000,0x00000000eb300000)
 ParOldGen       total 150016K, used 147156K [0x00000000c0000000, 0x00000000c9280000, 0x00000000eab00000)
  object space 150016K, 98% used [0x00000000c0000000,0x00000000c8fb5208,0x00000000c9280000)
 Metaspace       used 106107K, committed 107392K, reserved 1179648K
  class space    used 11144K, committed 11712K, reserved 1048576K
}
Event: 3722.508 GC heap after
{Heap after GC invocations=9738 (full 275):
 PSYoungGen      total 6656K, used 192K [0x00000000eab00000, 0x00000000eb300000, 0x0000000100000000)
  eden space 6144K, 0% used [0x00000000eab00000,0x00000000eab00000,0x00000000eb100000)
  from space 512K, 37% used [0x00000000eb280000,0x00000000eb2b0000,0x00000000eb300000)
  to   space 512K, 0% used [0x00000000eb200000,0x00000000eb200000,0x00000000eb280000)
 ParOldGen       total 150016K, used 147564K [0x00000000c0000000, 0x00000000c9280000, 0x00000000eab00000)
  object space 150016K, 98% used [0x00000000c0000000,0x00000000c901b208,0x00000000c9280000)
 Metaspace       used 106107K, committed 107392K, reserved 1179648K
  class space    used 11144K, committed 11712K, reserved 1048576K
}
Event: 3722.518 GC heap before
{Heap before GC invocations=9739 (full 275):
 PSYoungGen      total 6656K, used 6336K [0x00000000eab00000, 0x00000000eb300000, 0x0000000100000000)
  eden space 6144K, 100% used [0x00000000eab00000,0x00000000eb100000,0x00000000eb100000)
  from space 512K, 37% used [0x00000000eb280000,0x00000000eb2b0000,0x00000000eb300000)
  to   space 512K, 0% used [0x00000000eb200000,0x00000000eb200000,0x00000000eb280000)
 ParOldGen       total 150016K, used 147564K [0x00000000c0000000, 0x00000000c9280000, 0x00000000eab00000)
  object space 150016K, 98% used [0x00000000c0000000,0x00000000c901b208,0x00000000c9280000)
 Metaspace       used 106128K, committed 107392K, reserved 1179648K
  class space    used 11144K, committed 11712K, reserved 1048576K
}
Event: 3722.519 GC heap after
{Heap after GC invocations=9739 (full 275):
 PSYoungGen      total 6656K, used 224K [0x00000000eab00000, 0x00000000eb300000, 0x0000000100000000)
  eden space 6144K, 0% used [0x00000000eab00000,0x00000000eab00000,0x00000000eb100000)
  from space 512K, 43% used [0x00000000eb200000,0x00000000eb238000,0x00000000eb280000)
  to   space 512K, 0% used [0x00000000eb280000,0x00000000eb280000,0x00000000eb300000)
 ParOldGen       total 150016K, used 147620K [0x00000000c0000000, 0x00000000c9280000, 0x00000000eab00000)
  object space 150016K, 98% used [0x00000000c0000000,0x00000000c9029208,0x00000000c9280000)
 Metaspace       used 106128K, committed 107392K, reserved 1179648K
  class space    used 11144K, committed 11712K, reserved 1048576K
}
Event: 3722.525 GC heap before
{Heap before GC invocations=9740 (full 275):
 PSYoungGen      total 6656K, used 6368K [0x00000000eab00000, 0x00000000eb300000, 0x0000000100000000)
  eden space 6144K, 100% used [0x00000000eab00000,0x00000000eb100000,0x00000000eb100000)
  from space 512K, 43% used [0x00000000eb200000,0x00000000eb238000,0x00000000eb280000)
  to   space 512K, 0% used [0x00000000eb280000,0x00000000eb280000,0x00000000eb300000)
 ParOldGen       total 150016K, used 147620K [0x00000000c0000000, 0x00000000c9280000, 0x00000000eab00000)
  object space 150016K, 98% used [0x00000000c0000000,0x00000000c9029208,0x00000000c9280000)
 Metaspace       used 106130K, committed 107392K, reserved 1179648K
  class space    used 11144K, committed 11712K, reserved 1048576K
}
Event: 3722.525 GC heap after
{Heap after GC invocations=9740 (full 275):
 PSYoungGen      total 6656K, used 506K [0x00000000eab00000, 0x00000000eb300000, 0x0000000100000000)
  eden space 6144K, 0% used [0x00000000eab00000,0x00000000eab00000,0x00000000eb100000)
  from space 512K, 98% used [0x00000000eb280000,0x00000000eb2fe900,0x00000000eb300000)
  to   space 1024K, 0% used [0x00000000eb100000,0x00000000eb100000,0x00000000eb200000)
 ParOldGen       total 150016K, used 147968K [0x00000000c0000000, 0x00000000c9280000, 0x00000000eab00000)
  object space 150016K, 98% used [0x00000000c0000000,0x00000000c9080218,0x00000000c9280000)
 Metaspace       used 106130K, committed 107392K, reserved 1179648K
  class space    used 11144K, committed 11712K, reserved 1048576K
}
Event: 3722.530 GC heap before
{Heap before GC invocations=9741 (full 275):
 PSYoungGen      total 6656K, used 6650K [0x00000000eab00000, 0x00000000eb300000, 0x0000000100000000)
  eden space 6144K, 100% used [0x00000000eab00000,0x00000000eb100000,0x00000000eb100000)
  from space 512K, 98% used [0x00000000eb280000,0x00000000eb2fe900,0x00000000eb300000)
  to   space 1024K, 0% used [0x00000000eb100000,0x00000000eb100000,0x00000000eb200000)
 ParOldGen       total 150016K, used 147968K [0x00000000c0000000, 0x00000000c9280000, 0x00000000eab00000)
  object space 150016K, 98% used [0x00000000c0000000,0x00000000c9080218,0x00000000c9280000)
 Metaspace       used 106149K, committed 107456K, reserved 1179648K
  class space    used 11147K, committed 11712K, reserved 1048576K
}
Event: 3722.531 GC heap after
{Heap after GC invocations=9741 (full 275):
 PSYoungGen      total 7168K, used 608K [0x00000000eab00000, 0x00000000eb300000, 0x0000000100000000)
  eden space 6144K, 0% used [0x00000000eab00000,0x00000000eab00000,0x00000000eb100000)
  from space 1024K, 59% used [0x00000000eb100000,0x00000000eb198000,0x00000000eb200000)
  to   space 1024K, 0% used [0x00000000eb200000,0x00000000eb200000,0x00000000eb300000)
 ParOldGen       total 150016K, used 148501K [0x00000000c0000000, 0x00000000c9280000, 0x00000000eab00000)
  object space 150016K, 98% used [0x00000000c0000000,0x00000000c9105658,0x00000000c9280000)
 Metaspace       used 106149K, committed 107456K, reserved 1179648K
  class space    used 11147K, committed 11712K, reserved 1048576K
}
Event: 3722.537 GC heap before
{Heap before GC invocations=9742 (full 275):
 PSYoungGen      total 7168K, used 6752K [0x00000000eab00000, 0x00000000eb300000, 0x0000000100000000)
  eden space 6144K, 100% used [0x00000000eab00000,0x00000000eb100000,0x00000000eb100000)
  from space 1024K, 59% used [0x00000000eb100000,0x00000000eb198000,0x00000000eb200000)
  to   space 1024K, 0% used [0x00000000eb200000,0x00000000eb200000,0x00000000eb300000)
 ParOldGen       total 150016K, used 148501K [0x00000000c0000000, 0x00000000c9280000, 0x00000000eab00000)
  object space 150016K, 98% used [0x00000000c0000000,0x00000000c9105658,0x00000000c9280000)
 Metaspace       used 106151K, committed 107456K, reserved 1179648K
  class space    used 11147K, committed 11712K, reserved 1048576K
}

